<?xml version="1.0" encoding="UTF-8"?>
<testng-results skipped="0" failed="0" ignored="0" total="6" passed="6">
  <reporter-output>
  </reporter-output>
  <suite name="Loan Department" duration-ms="170" started-at="2019-09-17T13:18:20Z" finished-at="2019-09-17T13:18:20Z">
    <groups>
      <group name="Smoke">
        <method signature="day2.ploan()[pri:0, instance:Test.day2@61a485d2]" name="ploan" class="Test.day2"/>
      </group> <!-- Smoke -->
    </groups>
    <test name="Personal Loan" duration-ms="45" started-at="2019-09-17T13:18:20Z" finished-at="2019-09-17T13:18:20Z">
      <class name="Test.day1">
        <test-method status="PASS" signature="Demo()[pri:0, instance:Test.day1@7946e1f4]" name="Demo" duration-ms="5" started-at="2019-09-17T18:48:20Z" finished-at="2019-09-17T18:48:20Z">
          <reporter-output>
          </reporter-output>
        </test-method> <!-- Demo -->
      </class> <!-- Test.day1 -->
      <class name="Test.day2">
        <test-method status="PASS" signature="ploan()[pri:0, instance:Test.day2@61a485d2]" name="ploan" duration-ms="8" started-at="2019-09-17T18:48:20Z" finished-at="2019-09-17T18:48:20Z">
          <reporter-output>
          </reporter-output>
        </test-method> <!-- ploan -->
      </class> <!-- Test.day2 -->
    </test> <!-- Personal Loan -->
    <test name="Car Loan" duration-ms="44" started-at="2019-09-17T13:18:20Z" finished-at="2019-09-17T13:18:20Z">
      <class name="Test.day3">
        <test-method status="PASS" signature="Bfsuite()[pri:0, instance:Test.day3@51081592]" name="Bfsuite" is-config="true" duration-ms="16" started-at="2019-09-17T18:48:20Z" finished-at="2019-09-17T18:48:20Z">
          <reporter-output>
          </reporter-output>
        </test-method> <!-- Bfsuite -->
        <test-method status="PASS" signature="beforemethod()[pri:0, instance:Test.day3@51081592]" name="beforemethod" is-config="true" duration-ms="0" started-at="2019-09-17T18:48:20Z" finished-at="2019-09-17T18:48:20Z">
          <reporter-output>
          </reporter-output>
        </test-method> <!-- beforemethod -->
        <test-method status="PASS" signature="MobileLogincarLoan(java.lang.String, java.lang.String)[pri:0, instance:Test.day3@51081592]" name="MobileLogincarLoan" duration-ms="3" started-at="2019-09-17T18:48:20Z" data-provider="getData" finished-at="2019-09-17T18:48:20Z">
          <params>
            <param index="0">
              <value>
                <![CDATA[firstusername]]>
              </value>
            </param>
            <param index="1">
              <value>
                <![CDATA[firstpassword]]>
              </value>
            </param>
          </params>
          <reporter-output>
          </reporter-output>
        </test-method> <!-- MobileLogincarLoan -->
        <test-method status="PASS" signature="beforemethod()[pri:0, instance:Test.day3@51081592]" name="beforemethod" is-config="true" duration-ms="1" started-at="2019-09-17T18:48:20Z" finished-at="2019-09-17T18:48:20Z">
          <reporter-output>
          </reporter-output>
        </test-method> <!-- beforemethod -->
        <test-method status="PASS" signature="MobileLogincarLoan(java.lang.String, java.lang.String)[pri:0, instance:Test.day3@51081592]" name="MobileLogincarLoan" duration-ms="3" started-at="2019-09-17T18:48:20Z" data-provider="getData" finished-at="2019-09-17T18:48:20Z">
          <params>
            <param index="0">
              <value>
                <![CDATA[Secondusername]]>
              </value>
            </param>
            <param index="1">
              <value>
                <![CDATA[secondpassword]]>
              </value>
            </param>
          </params>
          <reporter-output>
          </reporter-output>
        </test-method> <!-- MobileLogincarLoan -->
        <test-method status="PASS" signature="beforemethod()[pri:0, instance:Test.day3@51081592]" name="beforemethod" is-config="true" duration-ms="0" started-at="2019-09-17T18:48:20Z" finished-at="2019-09-17T18:48:20Z">
          <reporter-output>
          </reporter-output>
        </test-method> <!-- beforemethod -->
        <test-method status="PASS" signature="MobileLogincarLoan(java.lang.String, java.lang.String)[pri:0, instance:Test.day3@51081592]" name="MobileLogincarLoan" duration-ms="2" started-at="2019-09-17T18:48:20Z" data-provider="getData" finished-at="2019-09-17T18:48:20Z">
          <params>
            <param index="0">
              <value>
                <![CDATA[thirdusername]]>
              </value>
            </param>
            <param index="1">
              <value>
                <![CDATA[thirdpassword]]>
              </value>
            </param>
          </params>
          <reporter-output>
          </reporter-output>
        </test-method> <!-- MobileLogincarLoan -->
        <test-method status="PASS" signature="WebloginCarLoan(java.lang.String, java.lang.String)[pri:0, instance:Test.day3@51081592]" name="WebloginCarLoan" duration-ms="13" started-at="2019-09-17T18:48:20Z" finished-at="2019-09-17T18:48:20Z">
          <params>
            <param index="0">
              <value>
                <![CDATA[WebloginCarLoan.com]]>
              </value>
            </param>
            <param index="1">
              <value>
                <![CDATA[1234]]>
              </value>
            </param>
          </params>
          <reporter-output>
          </reporter-output>
        </test-method> <!-- WebloginCarLoan -->
        <test-method status="PASS" signature="beforemethod()[pri:0, instance:Test.day3@51081592]" name="beforemethod" is-config="true" duration-ms="0" started-at="2019-09-17T18:48:20Z" finished-at="2019-09-17T18:48:20Z">
          <reporter-output>
          </reporter-output>
        </test-method> <!-- beforemethod -->
        <test-method status="PASS" signature="Afsuite()[pri:0, instance:Test.day3@51081592]" name="Afsuite" is-config="true" duration-ms="1" started-at="2019-09-17T18:48:20Z" finished-at="2019-09-17T18:48:20Z">
          <reporter-output>
          </reporter-output>
        </test-method> <!-- Afsuite -->
      </class> <!-- Test.day3 -->
    </test> <!-- Car Loan -->
  </suite> <!-- Loan Department -->
</testng-results>
