<?xml version="1.0" encoding="UTF-8"?>
<!-- Generated by org.testng.reporters.JUnitXMLReporter -->
<testsuite hostname="DESKTOP-9PJSACO" ignored="0" name="Car Loan" tests="4" failures="0" timestamp="17 Sep 2019 13:18:20 GMT" time="0.044" errors="0">
  <testcase name="MobileLogincarLoan" time="0.003" classname="Test.day3"/>
  <testcase name="MobileLogincarLoan" time="0.003" classname="Test.day3"/>
  <testcase name="MobileLogincarLoan" time="0.002" classname="Test.day3"/>
  <testcase name="WebloginCarLoan" time="0.013" classname="Test.day3"/>
</testsuite> <!-- Car Loan -->
