<?xml version="1.0" encoding="UTF-8"?>
<!-- Generated by org.testng.reporters.JUnitXMLReporter -->
<testsuite hostname="DESKTOP-9PJSACO" ignored="3" name="Regression" tests="3" failures="0" timestamp="13 Sep 2019 06:19:33 GMT" time="0.069" errors="0">
  <testcase name="ploan" time="0.015" classname="Test.day2"/>
  <testcase name="WebloginCarLoan" time="0.0" classname="Test.day3"/>
  <testcase name="MobileLoginHomeLoan" time="0.0" classname="Test.day4"/>
  <testcase name="Demo" time="0.0" classname="Test.day1">
    <ignored/>
  </testcase> <!-- Demo -->
  <testcase name="WebloginHomerLoan" time="0.0" classname="Test.day4">
    <ignored/>
  </testcase> <!-- WebloginHomerLoan -->
  <testcase name="MobileLogincarLoan" time="0.0" classname="Test.day3">
    <ignored/>
  </testcase> <!-- MobileLogincarLoan -->
</testsuite> <!-- Regression -->
